Arguments: 
  C:\Program Files\nodejs\node.exe C:\Users\蔡豪杰\AppData\Roaming\npm\node_modules\yarn\bin\yarn.js add marked

PATH: 
  C:\Program Files\Docker\Docker\Resources\bin;C:\Program Files\nodejs;C:\Program Files (x86)\Java\jdk1.8.0_152\bin;C:\Program Files (x86)\Java\jdk1.8.0_152\jre\bin;;C:\Program Files\Intel\WiFi\bin\;C:\Program Files\Common Files\Intel\WirelessCommon\;C:\WINDOWS\system32;C:\WINDOWS;C:\WINDOWS\System32\Wbem;C:\WINDOWS\System32\WindowsPowerShell\v1.0\;C:\WINDOWS\System32\OpenSSH\;D:\git\cmd;C:\python\Scripts\;C:\python\;C:\Users\蔡豪杰\AppData\Local\Programs\EmEditor;C:\Users\蔡豪杰\AppData\Local\Microsoft\WindowsApps;D:\git\git-cmd.exe;C:\Program Files\Microsoft VS Code\bin;C:\Users\蔡豪杰\AppData\Roaming\npm\node_modules;D:\verlog\win32;C:\Program Files\nodejs;C:\Users\蔡豪杰\AppData\Roaming\npm;D:\kotlin\kotlin-compiler-1.2.10\kotlinc\bin;C:\Users\蔡豪杰\AppData\Local\Microsoft\WindowsApps;D:\program\MongoDB\bin;C:\Users\蔡豪杰\AppData\Local\Programs\Microsoft VS Code\bin;D:\php\php-7.2.9-Win32-VC15-x86;D:\minGW\bin;D:\program\MongoDB\bin;

Yarn version: 
  1.7.0

Node version: 
  10.5.0

Platform: 
  win32 x64

Trace: 
  Error: ENOENT: no such file or directory, copyfile 'C:\Users\蔡豪杰\AppData\Local\Yarn\Cache\v1\npm-ms-2.1.1-30a5864eb3ebb0a66f2ebe6d727af06a09d86e0a\package.json' -> 'C:\Users\蔡豪杰\Desktop\练习\webpack\SPA-first\node_modules\@babel\core\node_modules\ms\package.json'

npm manifest: 
  {
    "name": "spa-first",
    "version": "1.0.0",
    "description": "",
    "scripts": {
      "test": "echo \"Error: no test specified\" && exit 1",
      "dev": "webpack-dev-server --open",
      "build": "webpack -p --display-error-details"
    },
    "author": "",
    "license": "ISC",
    "dependencies": {
      "body-parser": "^1.18.3",
      "cookie-parser": "^1.4.3",
      "cookie-session": "^2.0.0-beta.3",
      "cors": "^2.8.4",
      "express": "^4.16.4",
      "express-session": "^1.15.6",
      "mongoose": "^4.7.1",
      "nedb-session-store": "^1.1.2"
    },
    "devDependencies": {
      "@babel/core": "^7.1.2",
      "@babel/preset-env": "^7.1.0",
      "@babel/preset-react": "^7.0.0",
      "babel-loader": "^8.0.4",
      "cookie-session": "^2.0.0-beta.3",
      "css-loader": "^1.0.1",
      "extract-text-webpack-plugin": "^4.0.0-beta.0",
      "file-loader": "^2.0.0",
      "history": "^4.7.2",
      "html-webpack-plugin": "^3.2.0",
      "jquery": "^3.1.1",
      "lodash": "^4.17.11",
      "octicons": "^8.1.0",
      "react": "^16.5.2",
      "react-dom": "^16.5.2",
      "react-router-dom": "^4.3.1",
      "style-loader": "^0.23.1",
      "url-loader": "^1.1.2",
      "wangeditor": "^3.1.1",
      "webpack": "^4.23.1",
      "webpack-cli": "^3.1.1",
      "webpack-dev-server": "^3.1.9"
    }
  }

yarn manifest: 
  No manifest

Lockfile: 
  No lockfile
